ScannerTest/app/build/outputs/logs/manifest-merger-debug-report.txt
-- Merging decision tree log ---
manifest
ADDED from src/main/AndroidManifest.xml:2:1-191:12
	package
		ADDED from src/main/AndroidManifest.xml:3:5-38
		INJECTED from src/main/AndroidManifest.xml
		INJECTED from src/main/AndroidManifest.xml
	android:versionName
		ADDED from src/main/AndroidManifest.xml:5:5-30
		INJECTED from src/main/AndroidManifest.xml
		INJECTED from src/main/AndroidManifest.xml
	android:versionCode
		ADDED from src/main/AndroidManifest.xml:4:5-28
		INJECTED from src/main/AndroidManifest.xml
		INJECTED from src/main/AndroidManifest.xml
	xmlns:android
		ADDED from src/main/AndroidManifest.xml:2:11-69
uses-permission#android.permission.CAMERA
ADDED from src/main/AndroidManifest.xml:7:5-65
	android:name
		ADDED from src/main/AndroidManifest.xml:7:22-62
uses-permission#android.permission.INTERNET
ADDED from src/main/AndroidManifest.xml:8:5-67
	android:name
		ADDED from src/main/AndroidManifest.xml:8:22-64
uses-permission#android.permission.VIBRATE
ADDED from src/main/AndroidManifest.xml:9:5-66
	android:name
		ADDED from src/main/AndroidManifest.xml:9:22-63
uses-permission#android.permission.FLASHLIGHT
ADDED from src/main/AndroidManifest.xml:10:5-69
	android:name
		ADDED from src/main/AndroidManifest.xml:10:22-66
uses-permission#android.permission.READ_CONTACTS
ADDED from src/main/AndroidManifest.xml:11:5-72
	android:name
		ADDED from src/main/AndroidManifest.xml:11:22-69
uses-permission#com.android.browser.permission.READ_HISTORY_BOOKMARKS
ADDED from src/main/AndroidManifest.xml:12:5-93
	android:name
		ADDED from src/main/AndroidManifest.xml:12:22-90
uses-permission#android.permission.WRITE_EXTERNAL_STORAGE
ADDED from src/main/AndroidManifest.xml:13:5-81
	android:name
		ADDED from src/main/AndroidManifest.xml:13:22-78
uses-permission#android.permission.CHANGE_WIFI_STATE
ADDED from src/main/AndroidManifest.xml:14:5-76
	android:name
		ADDED from src/main/AndroidManifest.xml:14:22-73
uses-permission#android.permission.ACCESS_WIFI_STATE
ADDED from src/main/AndroidManifest.xml:15:5-76
	android:name
		ADDED from src/main/AndroidManifest.xml:15:22-73
uses-sdk
ADDED from src/main/AndroidManifest.xml:17:5-19:41
	android:targetSdkVersion
		ADDED from src/main/AndroidManifest.xml:19:9-38
		INJECTED from src/main/AndroidManifest.xml
		INJECTED from src/main/AndroidManifest.xml
	android:minSdkVersion
		ADDED from src/main/AndroidManifest.xml:18:9-35
		INJECTED from src/main/AndroidManifest.xml
		INJECTED from src/main/AndroidManifest.xml
uses-feature#android.hardware.camera
ADDED from src/main/AndroidManifest.xml:21:5-23:36
	android:required
		ADDED from src/main/AndroidManifest.xml:23:9-33
	android:name
		ADDED from src/main/AndroidManifest.xml:22:9-47
uses-feature#android.hardware.camera.front
ADDED from src/main/AndroidManifest.xml:24:5-26:36
	android:required
		ADDED from src/main/AndroidManifest.xml:26:9-33
	android:name
		ADDED from src/main/AndroidManifest.xml:25:9-53
uses-feature#android.hardware.camera.autofocus
ADDED from src/main/AndroidManifest.xml:27:5-29:36
	android:required
		ADDED from src/main/AndroidManifest.xml:29:9-33
	android:name
		ADDED from src/main/AndroidManifest.xml:28:9-57
uses-feature#android.hardware.camera.flash
ADDED from src/main/AndroidManifest.xml:30:5-32:36
	android:required
		ADDED from src/main/AndroidManifest.xml:32:9-33
	android:name
		ADDED from src/main/AndroidManifest.xml:31:9-53
uses-feature#android.hardware.screen.landscape
ADDED from src/main/AndroidManifest.xml:33:5-70
	android:name
		ADDED from src/main/AndroidManifest.xml:33:19-67
uses-feature#android.hardware.wifi
ADDED from src/main/AndroidManifest.xml:34:5-36:36
	android:required
		ADDED from src/main/AndroidManifest.xml:36:9-33
	android:name
		ADDED from src/main/AndroidManifest.xml:35:9-45
uses-feature#android.hardware.touchscreen
ADDED from src/main/AndroidManifest.xml:37:5-65
	android:name
		ADDED from src/main/AndroidManifest.xml:37:19-62
supports-screens
ADDED from src/main/AndroidManifest.xml:39:5-44:40
	android:largeScreens
		ADDED from src/main/AndroidManifest.xml:41:9-36
	android:smallScreens
		ADDED from src/main/AndroidManifest.xml:43:9-36
	android:normalScreens
		ADDED from src/main/AndroidManifest.xml:42:9-37
	android:xlargeScreens
		ADDED from src/main/AndroidManifest.xml:44:9-37
	android:anyDensity
		ADDED from src/main/AndroidManifest.xml:40:9-34
application
ADDED from src/main/AndroidManifest.xml:46:5-189:19
	android:label
		ADDED from src/main/AndroidManifest.xml:49:9-41
	android:allowBackup
		ADDED from src/main/AndroidManifest.xml:47:9-35
	android:icon
		ADDED from src/main/AndroidManifest.xml:48:9-45
	android:theme
		ADDED from src/main/AndroidManifest.xml:50:9-40
activity#com.example.scannertest.MainActivity
ADDED from src/main/AndroidManifest.xml:51:9-59:20
	android:label
		ADDED from src/main/AndroidManifest.xml:53:13-45
	android:name
		ADDED from src/main/AndroidManifest.xml:52:13-64
intent-filter#android.intent.action.MAIN+android.intent.category.LAUNCHER
ADDED from src/main/AndroidManifest.xml:54:13-58:29
action#android.intent.action.MAIN
ADDED from src/main/AndroidManifest.xml:55:17-69
	android:name
		ADDED from src/main/AndroidManifest.xml:55:25-66
category#android.intent.category.LAUNCHER
ADDED from src/main/AndroidManifest.xml:57:17-77
	android:name
		ADDED from src/main/AndroidManifest.xml:57:27-74
activity#com.google.zxing.client.android.CaptureActivity
ADDED from src/main/AndroidManifest.xml:60:9-108:20
	android:clearTaskOnLaunch
		ADDED from src/main/AndroidManifest.xml:62:13-45
	android:screenOrientation
		ADDED from src/main/AndroidManifest.xml:64:13-50
	android:stateNotNeeded
		ADDED from src/main/AndroidManifest.xml:65:13-42
	android:windowSoftInputMode
		ADDED from src/main/AndroidManifest.xml:67:13-60
	android:configChanges
		ADDED from src/main/AndroidManifest.xml:63:13-63
	android:theme
		ADDED from src/main/AndroidManifest.xml:66:13-71
	android:name
		ADDED from src/main/AndroidManifest.xml:61:13-75
intent-filter#android.intent.category.DEFAULT+com.google.zxing.client.android.SCAN
ADDED from src/main/AndroidManifest.xml:68:13-71:29
action#com.google.zxing.client.android.SCAN
ADDED from src/main/AndroidManifest.xml:69:17-79
	android:name
		ADDED from src/main/AndroidManifest.xml:69:25-76
category#android.intent.category.DEFAULT
ADDED from src/main/AndroidManifest.xml:70:17-76
	android:name
		ADDED from src/main/AndroidManifest.xml:70:27-73
intent-filter#android.intent.action.VIEW+android.intent.category.BROWSABLE+android.intent.category.DEFAULT
ADDED from src/main/AndroidManifest.xml:72:13-80:29
action#android.intent.action.VIEW
ADDED from src/main/AndroidManifest.xml:73:17-69
	android:name
		ADDED from src/main/AndroidManifest.xml:73:25-66
category#android.intent.category.BROWSABLE
ADDED from src/main/AndroidManifest.xml:75:17-78
	android:name
		ADDED from src/main/AndroidManifest.xml:75:27-75
data
ADDED from src/main/AndroidManifest.xml:76:17-79:45
	android:path
		ADDED from src/main/AndroidManifest.xml:78:21-41
	android:host
		ADDED from src/main/AndroidManifest.xml:77:21-53
	android:scheme
		ADDED from src/main/AndroidManifest.xml:79:21-42
activity#com.google.zxing.client.android.PreferencesActivity
ADDED from src/main/AndroidManifest.xml:109:9-113:20
	android:label
		ADDED from src/main/AndroidManifest.xml:111:13-53
	android:stateNotNeeded
		ADDED from src/main/AndroidManifest.xml:112:13-42
	android:name
		ADDED from src/main/AndroidManifest.xml:110:13-79
activity#com.google.zxing.client.android.encode.EncodeActivity
ADDED from src/main/AndroidManifest.xml:114:9-131:20
	android:stateNotNeeded
		ADDED from src/main/AndroidManifest.xml:116:13-42
	android:name
		ADDED from src/main/AndroidManifest.xml:115:13-81
intent-filter#android.intent.category.DEFAULT+com.google.zxing.client.android.ENCODE
ADDED from src/main/AndroidManifest.xml:117:13-120:29
action#com.google.zxing.client.android.ENCODE
ADDED from src/main/AndroidManifest.xml:118:17-81
	android:name
		ADDED from src/main/AndroidManifest.xml:118:25-78
intent-filter#android.intent.action.SEND+android.intent.category.DEFAULT
ADDED from src/main/AndroidManifest.xml:121:13-125:29
action#android.intent.action.SEND
ADDED from src/main/AndroidManifest.xml:122:17-69
	android:name
		ADDED from src/main/AndroidManifest.xml:122:25-66
activity#com.google.zxing.client.android.book.SearchBookContentsActivity
ADDED from src/main/AndroidManifest.xml:132:9-142:20
	android:screenOrientation
		ADDED from src/main/AndroidManifest.xml:136:13-50
	android:label
		ADDED from src/main/AndroidManifest.xml:135:13-45
	android:stateNotNeeded
		ADDED from src/main/AndroidManifest.xml:137:13-42
	android:configChanges
		ADDED from src/main/AndroidManifest.xml:134:13-63
	android:name
		ADDED from src/main/AndroidManifest.xml:133:13-91
intent-filter#android.intent.category.DEFAULT+com.google.zxing.client.android.SEARCH_BOOK_CONTENTS
ADDED from src/main/AndroidManifest.xml:138:13-141:29
action#com.google.zxing.client.android.SEARCH_BOOK_CONTENTS
ADDED from src/main/AndroidManifest.xml:139:17-95
	android:name
		ADDED from src/main/AndroidManifest.xml:139:25-92
activity#com.google.zxing.client.android.share.ShareActivity
ADDED from src/main/AndroidManifest.xml:143:9-152:20
	android:screenOrientation
		ADDED from src/main/AndroidManifest.xml:145:13-45
	android:stateNotNeeded
		ADDED from src/main/AndroidManifest.xml:146:13-42
	android:theme
		ADDED from src/main/AndroidManifest.xml:147:13-55
	android:name
		ADDED from src/main/AndroidManifest.xml:144:13-79
intent-filter#android.intent.category.DEFAULT+com.google.zxing.client.android.SHARE
ADDED from src/main/AndroidManifest.xml:148:13-151:29
action#com.google.zxing.client.android.SHARE
ADDED from src/main/AndroidManifest.xml:149:17-80
	android:name
		ADDED from src/main/AndroidManifest.xml:149:25-77
activity#com.google.zxing.client.android.history.HistoryActivity
ADDED from src/main/AndroidManifest.xml:153:9-161:20
	android:label
		ADDED from src/main/AndroidManifest.xml:155:13-50
	android:stateNotNeeded
		ADDED from src/main/AndroidManifest.xml:156:13-42
	android:name
		ADDED from src/main/AndroidManifest.xml:154:13-83
intent-filter#android.intent.action.VIEW+android.intent.category.DEFAULT
ADDED from src/main/AndroidManifest.xml:157:13-160:29
activity#com.google.zxing.client.android.share.BookmarkPickerActivity
ADDED from src/main/AndroidManifest.xml:162:9-170:20
	android:label
		ADDED from src/main/AndroidManifest.xml:164:13-57
	android:stateNotNeeded
		ADDED from src/main/AndroidManifest.xml:165:13-42
	android:name
		ADDED from src/main/AndroidManifest.xml:163:13-88
intent-filter#android.intent.action.PICK+android.intent.category.DEFAULT
ADDED from src/main/AndroidManifest.xml:166:13-169:29
action#android.intent.action.PICK
ADDED from src/main/AndroidManifest.xml:167:17-69
	android:name
		ADDED from src/main/AndroidManifest.xml:167:25-66
activity#com.google.zxing.client.android.share.AppPickerActivity
ADDED from src/main/AndroidManifest.xml:171:9-180:20
	android:label
		ADDED from src/main/AndroidManifest.xml:174:13-52
	android:stateNotNeeded
		ADDED from src/main/AndroidManifest.xml:175:13-42
	android:configChanges
		ADDED from src/main/AndroidManifest.xml:173:13-48
	android:name
		ADDED from src/main/AndroidManifest.xml:172:13-83
activity#com.google.zxing.client.android.HelpActivity
ADDED from src/main/AndroidManifest.xml:181:9-188:20
	android:screenOrientation
		ADDED from src/main/AndroidManifest.xml:183:13-45
	android:name
		ADDED from src/main/AndroidManifest.xml:182:13-72